
*** Running vivado
    with args -log toplevel.vds -m64 -product Vivado -mode batch -messageDb vivado.pb -notrace -source toplevel.tcl



****** Vivado v2024.1 (64-bit)
  **** SW Build 5076996 on Wed May 22 18:37:14 MDT 2024
  **** IP Build 5075265 on Wed May 22 21:45:21 MDT 2024
  **** SharedData Build 5076995 on Wed May 22 18:29:18 MDT 2024
  **** Start of session at: Wed Jul 10 17:15:52 2024
    ** Copyright 1986-2022 Xilinx, Inc. All Rights Reserved.
    ** Copyright 2022-2024 Advanced Micro Devices, Inc. All Rights Reserved.

source toplevel.tcl -notrace
create_project: Time (s): cpu = 00:00:05 ; elapsed = 00:00:06 . Memory (MB): peak = 517.359 ; gain = 201.902
Command: read_checkpoint -auto_incremental -incremental C:/Users/OhmoriG_Rogue/Downloads/fpga-advanced-2024/project_1-verilog-exe1/project_1-verilog-exe1.srcs/utils_1/imports/synth_1/toplevel.dcp
INFO: [Vivado 12-5825] Read reference checkpoint from C:/Users/OhmoriG_Rogue/Downloads/fpga-advanced-2024/project_1-verilog-exe1/project_1-verilog-exe1.srcs/utils_1/imports/synth_1/toplevel.dcp for incremental synthesis
INFO: [Vivado 12-7989] Please ensure there are no constraint changes
Command: synth_design -top toplevel -part xc7k160tffg676-2
Starting synth_design
Attempting to get a license for feature 'Synthesis' and/or device 'xc7k160t'
INFO: [Common 17-349] Got license for feature 'Synthesis' and/or device 'xc7k160t'
INFO: [Device 21-403] Loading part xc7k160tffg676-2
INFO: [Device 21-9227] Part: xc7k160tffg676-2 does not have CEAM library.
INFO: [Designutils 20-5440] No compile time benefit to using incremental synthesis; A full resynthesis will be run
INFO: [Designutils 20-4379] Flow is switching to default flow due to incremental criteria not met. If you would like to alter this behaviour and have the flow terminate instead, please set the following parameter config_implementation {autoIncr.Synth.RejectBehavior Terminate}
INFO: [Synth 8-7079] Multithreading enabled for synth_design using a maximum of 2 processes.
INFO: [Synth 8-7078] Launching helper process for spawning children vivado processes
INFO: [Synth 8-7075] Helper process launched with PID 19640
---------------------------------------------------------------------------------
Starting RTL Elaboration : Time (s): cpu = 00:00:04 ; elapsed = 00:00:05 . Memory (MB): peak = 1430.559 ; gain = 447.711
---------------------------------------------------------------------------------
INFO: [Synth 8-6157] synthesizing module 'toplevel' [C:/Users/OhmoriG_Rogue/Downloads/fpga-advanced-2024/project_1-verilog-exe1/project_1-verilog-exe1.srcs/sources_1/new/top.v:3]
INFO: [Synth 8-6157] synthesizing module 'IBUFDS' [C:/Xilinx/Vivado/2024.1/scripts/rt/data/unisim_comp.v:73658]
	Parameter DIFF_TERM bound to: TRUE - type: string 
	Parameter IBUF_LOW_PWR bound to: FALSE - type: string 
	Parameter IOSTANDARD bound to: LVDS_25 - type: string 
INFO: [Synth 8-6155] done synthesizing module 'IBUFDS' (0#1) [C:/Xilinx/Vivado/2024.1/scripts/rt/data/unisim_comp.v:73658]
INFO: [Synth 8-6157] synthesizing module 'BUFG' [C:/Xilinx/Vivado/2024.1/scripts/rt/data/unisim_comp.v:1951]
INFO: [Synth 8-6155] done synthesizing module 'BUFG' (0#1) [C:/Xilinx/Vivado/2024.1/scripts/rt/data/unisim_comp.v:1951]
INFO: [Synth 8-6157] synthesizing module 'dsp_macro_0' [C:/Users/OhmoriG_Rogue/Downloads/fpga-advanced-2024/project_1-verilog-exe1/project_1-verilog-exe1.runs/synth_1/.Xil/Vivado-4732-LAPTOP-RD2K6H09/realtime/dsp_macro_0_stub.v:6]
INFO: [Synth 8-6155] done synthesizing module 'dsp_macro_0' (0#1) [C:/Users/OhmoriG_Rogue/Downloads/fpga-advanced-2024/project_1-verilog-exe1/project_1-verilog-exe1.runs/synth_1/.Xil/Vivado-4732-LAPTOP-RD2K6H09/realtime/dsp_macro_0_stub.v:6]
WARNING: [Synth 8-4446] all outputs are unconnected for this instance and logic may be removed [C:/Users/OhmoriG_Rogue/Downloads/fpga-advanced-2024/project_1-verilog-exe1/project_1-verilog-exe1.srcs/sources_1/new/top.v:115]
INFO: [Synth 8-6157] synthesizing module 'ila_0' [C:/Users/OhmoriG_Rogue/Downloads/fpga-advanced-2024/project_1-verilog-exe1/project_1-verilog-exe1.runs/synth_1/.Xil/Vivado-4732-LAPTOP-RD2K6H09/realtime/ila_0_stub.v:6]
INFO: [Synth 8-6155] done synthesizing module 'ila_0' (0#1) [C:/Users/OhmoriG_Rogue/Downloads/fpga-advanced-2024/project_1-verilog-exe1/project_1-verilog-exe1.runs/synth_1/.Xil/Vivado-4732-LAPTOP-RD2K6H09/realtime/ila_0_stub.v:6]
INFO: [Synth 8-6155] done synthesizing module 'toplevel' (0#1) [C:/Users/OhmoriG_Rogue/Downloads/fpga-advanced-2024/project_1-verilog-exe1/project_1-verilog-exe1.srcs/sources_1/new/top.v:3]
INFO: [Synth 8-6071] Mark debug on the nets applies keep_hierarchy on instance 'my_ila'. This will prevent further optimization [C:/Users/OhmoriG_Rogue/Downloads/fpga-advanced-2024/project_1-verilog-exe1/project_1-verilog-exe1.srcs/sources_1/new/top.v:115]
INFO: [Synth 8-6071] Mark debug on the nets applies keep_hierarchy on instance 'dsp0'. This will prevent further optimization [C:/Users/OhmoriG_Rogue/Downloads/fpga-advanced-2024/project_1-verilog-exe1/project_1-verilog-exe1.srcs/sources_1/new/top.v:75]
INFO: [Synth 8-6071] Mark debug on the nets applies keep_hierarchy on instance 'dsp1'. This will prevent further optimization [C:/Users/OhmoriG_Rogue/Downloads/fpga-advanced-2024/project_1-verilog-exe1/project_1-verilog-exe1.srcs/sources_1/new/top.v:85]
---------------------------------------------------------------------------------
Finished RTL Elaboration : Time (s): cpu = 00:00:06 ; elapsed = 00:00:07 . Memory (MB): peak = 1543.793 ; gain = 560.945
---------------------------------------------------------------------------------
---------------------------------------------------------------------------------
Start Handling Custom Attributes
---------------------------------------------------------------------------------
---------------------------------------------------------------------------------
Finished Handling Custom Attributes : Time (s): cpu = 00:00:06 ; elapsed = 00:00:07 . Memory (MB): peak = 1543.793 ; gain = 560.945
---------------------------------------------------------------------------------
---------------------------------------------------------------------------------
Finished RTL Optimization Phase 1 : Time (s): cpu = 00:00:06 ; elapsed = 00:00:07 . Memory (MB): peak = 1543.793 ; gain = 560.945
---------------------------------------------------------------------------------
Netlist sorting complete. Time (s): cpu = 00:00:00 ; elapsed = 00:00:00.002 . Memory (MB): peak = 1543.793 ; gain = 0.000
INFO: [Netlist 29-17] Analyzing 1 Unisim elements for replacement
INFO: [Netlist 29-28] Unisim Transformation completed in 0 CPU seconds
INFO: [Project 1-570] Preparing netlist for logic optimization

Processing XDC Constraints
Initializing timing engine
Parsing XDC File [c:/Users/OhmoriG_Rogue/Downloads/fpga-advanced-2024/project_1-verilog-exe1/project_1-verilog-exe1.gen/sources_1/ip/ila_0/ila_0/ila_0_in_context.xdc] for cell 'my_ila'
Finished Parsing XDC File [c:/Users/OhmoriG_Rogue/Downloads/fpga-advanced-2024/project_1-verilog-exe1/project_1-verilog-exe1.gen/sources_1/ip/ila_0/ila_0/ila_0_in_context.xdc] for cell 'my_ila'
Parsing XDC File [c:/Users/OhmoriG_Rogue/Downloads/fpga-advanced-2024/project_1-verilog-exe1/project_1-verilog-exe1.gen/sources_1/ip/dsp_macro_0/dsp_macro_0/dsp_macro_0_in_context.xdc] for cell 'dsp0'
Finished Parsing XDC File [c:/Users/OhmoriG_Rogue/Downloads/fpga-advanced-2024/project_1-verilog-exe1/project_1-verilog-exe1.gen/sources_1/ip/dsp_macro_0/dsp_macro_0/dsp_macro_0_in_context.xdc] for cell 'dsp0'
Parsing XDC File [c:/Users/OhmoriG_Rogue/Downloads/fpga-advanced-2024/project_1-verilog-exe1/project_1-verilog-exe1.gen/sources_1/ip/dsp_macro_0/dsp_macro_0/dsp_macro_0_in_context.xdc] for cell 'dsp1'
Finished Parsing XDC File [c:/Users/OhmoriG_Rogue/Downloads/fpga-advanced-2024/project_1-verilog-exe1/project_1-verilog-exe1.gen/sources_1/ip/dsp_macro_0/dsp_macro_0/dsp_macro_0_in_context.xdc] for cell 'dsp1'
Parsing XDC File [C:/Users/OhmoriG_Rogue/Downloads/fpga-advanced-2024/project_1-verilog-exe1/project_1-verilog-exe1.srcs/constrs_1/new/pins.xdc]
Finished Parsing XDC File [C:/Users/OhmoriG_Rogue/Downloads/fpga-advanced-2024/project_1-verilog-exe1/project_1-verilog-exe1.srcs/constrs_1/new/pins.xdc]
INFO: [Project 1-236] Implementation specific constraints were found while reading constraint file [C:/Users/OhmoriG_Rogue/Downloads/fpga-advanced-2024/project_1-verilog-exe1/project_1-verilog-exe1.srcs/constrs_1/new/pins.xdc]. These constraints will be ignored for synthesis but will be used in implementation. Impacted constraints are listed in the file [.Xil/toplevel_propImpl.xdc].
Resolution: To avoid this warning, move constraints listed in [.Xil/toplevel_propImpl.xdc] to another XDC file and exclude this new file from synthesis with the used_in_synthesis property (File Properties dialog in GUI) and re-run elaboration/synthesis.
Parsing XDC File [C:/Users/OhmoriG_Rogue/Downloads/fpga-advanced-2024/project_1-verilog-exe1/project_1-verilog-exe1.srcs/constrs_1/new/timing.xdc]
WARNING: [Constraints 18-6211] Setting input delay on a clock pin 'CLKP' relative to clock 'clk_diff' defined on the same pin is not supported, ignoring it [C:/Users/OhmoriG_Rogue/Downloads/fpga-advanced-2024/project_1-verilog-exe1/project_1-verilog-exe1.srcs/constrs_1/new/timing.xdc:6]
WARNING: [Constraints 18-6211] Setting input delay on a clock pin 'CLKN' relative to clock 'clk_diff' defined on the same pin is not supported, ignoring it [C:/Users/OhmoriG_Rogue/Downloads/fpga-advanced-2024/project_1-verilog-exe1/project_1-verilog-exe1.srcs/constrs_1/new/timing.xdc:6]
WARNING: [Constraints 18-6211] Setting input delay on a clock pin 'CLKP' relative to clock 'clk_diff' defined on the same pin is not supported, ignoring it [C:/Users/OhmoriG_Rogue/Downloads/fpga-advanced-2024/project_1-verilog-exe1/project_1-verilog-exe1.srcs/constrs_1/new/timing.xdc:7]
WARNING: [Constraints 18-6211] Setting input delay on a clock pin 'CLKN' relative to clock 'clk_diff' defined on the same pin is not supported, ignoring it [C:/Users/OhmoriG_Rogue/Downloads/fpga-advanced-2024/project_1-verilog-exe1/project_1-verilog-exe1.srcs/constrs_1/new/timing.xdc:7]
Finished Parsing XDC File [C:/Users/OhmoriG_Rogue/Downloads/fpga-advanced-2024/project_1-verilog-exe1/project_1-verilog-exe1.srcs/constrs_1/new/timing.xdc]
Completed Processing XDC Constraints

Netlist sorting complete. Time (s): cpu = 00:00:00 ; elapsed = 00:00:00 . Memory (MB): peak = 1650.953 ; gain = 0.000
INFO: [Project 1-111] Unisim Transformation Summary:
No Unisim elements were transformed.

Constraint Validation Runtime : Time (s): cpu = 00:00:00 ; elapsed = 00:00:00.003 . Memory (MB): peak = 1650.953 ; gain = 0.000
INFO: [Designutils 20-5440] No compile time benefit to using incremental synthesis; A full resynthesis will be run
INFO: [Designutils 20-4379] Flow is switching to default flow due to incremental criteria not met. If you would like to alter this behaviour and have the flow terminate instead, please set the following parameter config_implementation {autoIncr.Synth.RejectBehavior Terminate}
---------------------------------------------------------------------------------
Finished Constraint Validation : Time (s): cpu = 00:00:12 ; elapsed = 00:00:14 . Memory (MB): peak = 1650.953 ; gain = 668.105
---------------------------------------------------------------------------------
---------------------------------------------------------------------------------
Start Loading Part and Timing Information
---------------------------------------------------------------------------------
Loading part: xc7k160tffg676-2
---------------------------------------------------------------------------------
Finished Loading Part and Timing Information : Time (s): cpu = 00:00:12 ; elapsed = 00:00:14 . Memory (MB): peak = 1650.953 ; gain = 668.105
---------------------------------------------------------------------------------
---------------------------------------------------------------------------------
Start Applying 'set_property' XDC Constraints
---------------------------------------------------------------------------------
Applied set_property KEEP_HIERARCHY = SOFT for my_ila. (constraint file  auto generated constraint).
Applied set_property KEEP_HIERARCHY = SOFT for dsp0. (constraint file  auto generated constraint).
Applied set_property KEEP_HIERARCHY = SOFT for dsp1. (constraint file  auto generated constraint).
---------------------------------------------------------------------------------
Finished applying 'set_property' XDC Constraints : Time (s): cpu = 00:00:12 ; elapsed = 00:00:14 . Memory (MB): peak = 1650.953 ; gain = 668.105
---------------------------------------------------------------------------------
---------------------------------------------------------------------------------
Finished RTL Optimization Phase 2 : Time (s): cpu = 00:00:12 ; elapsed = 00:00:14 . Memory (MB): peak = 1650.953 ; gain = 668.105
---------------------------------------------------------------------------------
---------------------------------------------------------------------------------
Start RTL Component Statistics 
---------------------------------------------------------------------------------
Detailed RTL Component Info : 
+---Adders : 
	   2 Input    8 Bit       Adders := 1     
+---Registers : 
	                8 Bit    Registers := 5     
---------------------------------------------------------------------------------
Finished RTL Component Statistics 
---------------------------------------------------------------------------------
---------------------------------------------------------------------------------
Start Part Resource Summary
---------------------------------------------------------------------------------
Part Resources:
DSPs: 600 (col length:100)
BRAMs: 650 (col length: RAMB18 100 RAMB36 50)
---------------------------------------------------------------------------------
Finished Part Resource Summary
---------------------------------------------------------------------------------
---------------------------------------------------------------------------------
Start Cross Boundary and Area Optimization
---------------------------------------------------------------------------------
WARNING: [Synth 8-7080] Parallel synthesis criteria is not met
---------------------------------------------------------------------------------
Finished Cross Boundary and Area Optimization : Time (s): cpu = 00:00:14 ; elapsed = 00:00:16 . Memory (MB): peak = 1650.953 ; gain = 668.105
---------------------------------------------------------------------------------
---------------------------------------------------------------------------------
Start Applying XDC Timing Constraints
---------------------------------------------------------------------------------
---------------------------------------------------------------------------------
Finished Applying XDC Timing Constraints : Time (s): cpu = 00:00:18 ; elapsed = 00:00:20 . Memory (MB): peak = 1650.953 ; gain = 668.105
---------------------------------------------------------------------------------
---------------------------------------------------------------------------------
Start Timing Optimization
---------------------------------------------------------------------------------
---------------------------------------------------------------------------------
Finished Timing Optimization : Time (s): cpu = 00:00:18 ; elapsed = 00:00:20 . Memory (MB): peak = 1650.953 ; gain = 668.105
---------------------------------------------------------------------------------
---------------------------------------------------------------------------------
Start Technology Mapping
---------------------------------------------------------------------------------
---------------------------------------------------------------------------------
Finished Technology Mapping : Time (s): cpu = 00:00:18 ; elapsed = 00:00:20 . Memory (MB): peak = 1650.953 ; gain = 668.105
---------------------------------------------------------------------------------
---------------------------------------------------------------------------------
Start IO Insertion
---------------------------------------------------------------------------------
---------------------------------------------------------------------------------
Start Flattening Before IO Insertion
---------------------------------------------------------------------------------
---------------------------------------------------------------------------------
Finished Flattening Before IO Insertion
---------------------------------------------------------------------------------
---------------------------------------------------------------------------------
Start Final Netlist Cleanup
---------------------------------------------------------------------------------
---------------------------------------------------------------------------------
Finished Final Netlist Cleanup
---------------------------------------------------------------------------------
---------------------------------------------------------------------------------
Finished IO Insertion : Time (s): cpu = 00:00:22 ; elapsed = 00:00:24 . Memory (MB): peak = 1650.953 ; gain = 668.105
---------------------------------------------------------------------------------
---------------------------------------------------------------------------------
Start Renaming Generated Instances
---------------------------------------------------------------------------------
---------------------------------------------------------------------------------
Finished Renaming Generated Instances : Time (s): cpu = 00:00:22 ; elapsed = 00:00:24 . Memory (MB): peak = 1650.953 ; gain = 668.105
---------------------------------------------------------------------------------
---------------------------------------------------------------------------------
Start Rebuilding User Hierarchy
---------------------------------------------------------------------------------
---------------------------------------------------------------------------------
Finished Rebuilding User Hierarchy : Time (s): cpu = 00:00:22 ; elapsed = 00:00:24 . Memory (MB): peak = 1650.953 ; gain = 668.105
---------------------------------------------------------------------------------
---------------------------------------------------------------------------------
Start Renaming Generated Ports
---------------------------------------------------------------------------------
---------------------------------------------------------------------------------
Finished Renaming Generated Ports : Time (s): cpu = 00:00:22 ; elapsed = 00:00:24 . Memory (MB): peak = 1650.953 ; gain = 668.105
---------------------------------------------------------------------------------
---------------------------------------------------------------------------------
Start Handling Custom Attributes
---------------------------------------------------------------------------------
---------------------------------------------------------------------------------
Finished Handling Custom Attributes : Time (s): cpu = 00:00:22 ; elapsed = 00:00:24 . Memory (MB): peak = 1650.953 ; gain = 668.105
---------------------------------------------------------------------------------
---------------------------------------------------------------------------------
Start Renaming Generated Nets
---------------------------------------------------------------------------------
---------------------------------------------------------------------------------
Finished Renaming Generated Nets : Time (s): cpu = 00:00:22 ; elapsed = 00:00:24 . Memory (MB): peak = 1650.953 ; gain = 668.105
---------------------------------------------------------------------------------
---------------------------------------------------------------------------------
Start Writing Synthesis Report
---------------------------------------------------------------------------------

Report BlackBoxes: 
+------+--------------+----------+
|      |BlackBox name |Instances |
+------+--------------+----------+
|1     |dsp_macro_0   |         2|
|2     |ila_0         |         1|
+------+--------------+----------+

Report Cell Usage: 
+------+------------+------+
|      |Cell        |Count |
+------+------------+------+
|1     |dsp_macro   |     1|
|2     |dsp_macro_0 |     1|
|3     |ila         |     1|
|4     |BUFG        |     1|
|5     |LUT1        |    62|
|6     |LUT2        |     1|
|7     |LUT3        |     1|
|8     |LUT4        |     1|
|9     |LUT5        |     1|
|10    |FDCE        |    28|
|11    |IBUF        |     1|
|12    |IBUFDS      |     1|
|13    |OBUF        |    10|
+------+------------+------+
---------------------------------------------------------------------------------
Finished Writing Synthesis Report : Time (s): cpu = 00:00:22 ; elapsed = 00:00:24 . Memory (MB): peak = 1650.953 ; gain = 668.105
---------------------------------------------------------------------------------
Synthesis finished with 0 errors, 0 critical warnings and 1 warnings.
Synthesis Optimization Runtime : Time (s): cpu = 00:00:14 ; elapsed = 00:00:22 . Memory (MB): peak = 1650.953 ; gain = 560.945
Synthesis Optimization Complete : Time (s): cpu = 00:00:22 ; elapsed = 00:00:24 . Memory (MB): peak = 1650.953 ; gain = 668.105
INFO: [Project 1-571] Translating synthesized netlist
Netlist sorting complete. Time (s): cpu = 00:00:00 ; elapsed = 00:00:00.001 . Memory (MB): peak = 1650.953 ; gain = 0.000
INFO: [Netlist 29-17] Analyzing 1 Unisim elements for replacement
INFO: [Netlist 29-28] Unisim Transformation completed in 0 CPU seconds
INFO: [Project 1-570] Preparing netlist for logic optimization
INFO: [Opt 31-138] Pushed 0 inverter(s) to 0 load pin(s).
Netlist sorting complete. Time (s): cpu = 00:00:00 ; elapsed = 00:00:00 . Memory (MB): peak = 1650.953 ; gain = 0.000
INFO: [Project 1-111] Unisim Transformation Summary:
No Unisim elements were transformed.

Synth Design complete | Checksum: 6e5b7c15
INFO: [Common 17-83] Releasing license: Synthesis
37 Infos, 6 Warnings, 0 Critical Warnings and 0 Errors encountered.
synth_design completed successfully
synth_design: Time (s): cpu = 00:00:26 ; elapsed = 00:00:29 . Memory (MB): peak = 1650.953 ; gain = 1089.645
Write ShapeDB Complete: Time (s): cpu = 00:00:00 ; elapsed = 00:00:00.001 . Memory (MB): peak = 1650.953 ; gain = 0.000
INFO: [Common 17-1381] The checkpoint 'C:/Users/OhmoriG_Rogue/Downloads/fpga-advanced-2024/project_1-verilog-exe1/project_1-verilog-exe1.runs/synth_1/toplevel.dcp' has been generated.
INFO: [Vivado 12-24828] Executing command : report_utilization -file toplevel_utilization_synth.rpt -pb toplevel_utilization_synth.pb
INFO: [Common 17-206] Exiting Vivado at Wed Jul 10 17:16:30 2024...
